1618225602339	mozrunner::runner	INFO	Running command: "/usr/bin/firefox" "-marionette" "-foreground" "-no-remote" "-profile" "/tmp/rust_mozprofile.jZ7kKUBlprFq"
console.warn: SearchSettings: "get: No settings file exists, new profile?" (new Error("", "(unknown module)"))
1618225605356	Marionette	INFO	Listening on port 42593
1618225605476	Marionette	WARN	TLS certificate errors will be ignored for this session
1618225615116	Marionette	INFO	Stopped listening on port 42593
1618225657845	mozrunner::runner	INFO	Running command: "/usr/bin/firefox" "-marionette" "-foreground" "-no-remote" "-profile" "/tmp/rust_mozprofile.9rbEaedAA5Fw"
console.warn: SearchSettings: "get: No settings file exists, new profile?" (new Error("", "(unknown module)"))
1618225660880	Marionette	INFO	Listening on port 35679
1618225660983	Marionette	WARN	TLS certificate errors will be ignored for this session
1618225763249	mozrunner::runner	INFO	Running command: "/usr/bin/firefox" "-marionette" "-foreground" "-no-remote" "-profile" "/tmp/rust_mozprofile.yIWtLDSuK17a"
console.warn: SearchSettings: "get: No settings file exists, new profile?" (new Error("", "(unknown module)"))
1618225766275	Marionette	INFO	Listening on port 38725
1618225766377	Marionette	WARN	TLS certificate errors will be ignored for this session
1618225794356	mozrunner::runner	INFO	Running command: "/usr/bin/firefox" "-marionette" "-foreground" "-no-remote" "-profile" "/tmp/rust_mozprofile.fVBncg9H5o9g"
console.warn: SearchSettings: "get: No settings file exists, new profile?" (new Error("", "(unknown module)"))
1618225797407	Marionette	INFO	Listening on port 39861
1618225797492	Marionette	WARN	TLS certificate errors will be ignored for this session
console.log: WebExtensions: reset-default-search: No addons in our list are installed.
console.log: WebExtensions: reset-default-search: No addons in our list are installed.
console.log: WebExtensions: reset-default-search: No addons in our list are installed.
1618226208841	mozrunner::runner	INFO	Running command: "/usr/bin/firefox" "-marionette" "-foreground" "-no-remote" "-profile" "/tmp/rust_mozprofile.a4bXGlMKmVzP"
console.warn: SearchSettings: "get: No settings file exists, new profile?" (new Error("", "(unknown module)"))
1618226211931	Marionette	INFO	Listening on port 42633
1618226211993	Marionette	WARN	TLS certificate errors will be ignored for this session
1618226236294	Marionette	INFO	Stopped listening on port 42633
1618226330721	Marionette	INFO	Stopped listening on port 35679
1618226331890	Marionette	INFO	Stopped listening on port 38725

###!!! [Parent][RunMessage] Error: Channel closing: too late to send/recv, messages will be lost

1618226333112	Marionette	INFO	Stopped listening on port 39861
1618226337820	mozrunner::runner	INFO	Running command: "/usr/bin/firefox" "-marionette" "-foreground" "-no-remote" "-profile" "/tmp/rust_mozprofile.V2IMIdeSTQRu"
console.warn: SearchSettings: "get: No settings file exists, new profile?" (new Error("", "(unknown module)"))
1618226340804	Marionette	INFO	Listening on port 34747
1618226340864	Marionette	WARN	TLS certificate errors will be ignored for this session
Gdk-Message: 13:22:42.889: firefox: Fatal IO error 11 (Resource temporarily unavailable) on X server :0.

Exiting due to channel error.
Exiting due to channel error.
Exiting due to channel error.
